<?xml version="1.0" encoding="UTF-8"?>
<!-- Generated by org.testng.reporters.JUnitXMLReporter -->
<testsuite hostname="ip-172-31-88-196" ignored="0" name="Test" tests="3" failures="1" timestamp="12 Nov 2021 06:06:25 GMT" time="12.62" errors="0">
  <testcase name="ExcelTest" time="1.583" classname="test.LoginTest"/>
  <testcase name="NegativeLogin" time="2.204" classname="test.LoginTest">
    <failure type="java.lang.AssertionError" message="The following asserts failed:
	expected [The email or password you have entered is invalid.as] but found [The email or password you have entered is invalid.]">
      <![CDATA[java.lang.AssertionError: The following asserts failed:
expected [The email or password you have entered is invalid.as] but found [The email or password you have entered is invalid.]
at pages.LoginPage.ErrorCheck(LoginPage.java:75)
at test.LoginTest.NegativeLogin(LoginTest.java:33)
... Removed 26 stack frames]]>
    </failure>
  </testcase> <!-- NegativeLogin -->
  <testcase name="PositiveLogin" time="3.089" classname="test.LoginTest"/>
</testsuite> <!-- Test -->
