<?xml version="1.0" encoding="UTF-8"?>
<testng-results skipped="0" failed="0" ignored="0" total="3" passed="3">
  <reporter-output>
  </reporter-output>
  <suite name="Suite" duration-ms="13643" started-at="2021-11-11T02:59:37Z" finished-at="2021-11-11T02:59:51Z">
    <groups>
    </groups>
    <test name="Test" duration-ms="13643" started-at="2021-11-11T02:59:37Z" finished-at="2021-11-11T02:59:51Z">
      <class name="test.LoginTest">
        <test-method status="PASS" signature="ReportSetup()[pri:0, instance:test.LoginTest@4e718207]" name="ReportSetup" is-config="true" duration-ms="686" started-at="2021-11-11T02:59:37Z" finished-at="2021-11-11T02:59:38Z">
          <reporter-output>
          </reporter-output>
        </test-method> <!-- ReportSetup -->
        <test-method status="PASS" signature="setup()[pri:0, instance:test.LoginTest@4e718207]" name="setup" is-config="true" duration-ms="3141" started-at="2021-11-11T02:59:38Z" finished-at="2021-11-11T02:59:41Z">
          <reporter-output>
          </reporter-output>
        </test-method> <!-- setup -->
        <test-method status="PASS" signature="ExcelTest()[pri:0, instance:test.LoginTest@4e718207]" name="ExcelTest" duration-ms="2660" started-at="2021-11-11T02:59:41Z" finished-at="2021-11-11T02:59:43Z">
          <reporter-output>
          </reporter-output>
        </test-method> <!-- ExcelTest -->
        <test-method status="PASS" signature="teardown()[pri:0, instance:test.LoginTest@4e718207]" name="teardown" is-config="true" duration-ms="79" started-at="2021-11-11T02:59:43Z" finished-at="2021-11-11T02:59:43Z">
          <reporter-output>
          </reporter-output>
        </test-method> <!-- teardown -->
        <test-method status="PASS" signature="setup()[pri:0, instance:test.LoginTest@4e718207]" name="setup" is-config="true" duration-ms="1516" started-at="2021-11-11T02:59:43Z" finished-at="2021-11-11T02:59:45Z">
          <reporter-output>
          </reporter-output>
        </test-method> <!-- setup -->
        <test-method status="PASS" signature="NegativeLogin(java.lang.String, java.lang.String)[pri:0, instance:test.LoginTest@4e718207]" name="NegativeLogin" duration-ms="1618" started-at="2021-11-11T02:59:45Z" finished-at="2021-11-11T02:59:47Z">
          <params>
            <param index="0">
              <value>
                <![CDATA[Asc@asddf.com]]>
              </value>
            </param>
            <param index="1">
              <value>
                <![CDATA[Abc@1234]]>
              </value>
            </param>
          </params>
          <reporter-output>
          </reporter-output>
        </test-method> <!-- NegativeLogin -->
        <test-method status="PASS" signature="teardown()[pri:0, instance:test.LoginTest@4e718207]" name="teardown" is-config="true" duration-ms="68" started-at="2021-11-11T02:59:47Z" finished-at="2021-11-11T02:59:47Z">
          <reporter-output>
          </reporter-output>
        </test-method> <!-- teardown -->
        <test-method status="PASS" signature="setup()[pri:0, instance:test.LoginTest@4e718207]" name="setup" is-config="true" duration-ms="1335" started-at="2021-11-11T02:59:47Z" finished-at="2021-11-11T02:59:48Z">
          <reporter-output>
          </reporter-output>
        </test-method> <!-- setup -->
        <test-method status="PASS" signature="PositiveLogin(java.lang.String, java.lang.String)[pri:0, instance:test.LoginTest@4e718207]" name="PositiveLogin" duration-ms="2190" started-at="2021-11-11T02:59:48Z" finished-at="2021-11-11T02:59:50Z">
          <params>
            <param index="0">
              <value>
                <![CDATA[Asc@asddf.com]]>
              </value>
            </param>
            <param index="1">
              <value>
                <![CDATA[Abc@1223]]>
              </value>
            </param>
          </params>
          <reporter-output>
          </reporter-output>
        </test-method> <!-- PositiveLogin -->
        <test-method status="PASS" signature="teardown()[pri:0, instance:test.LoginTest@4e718207]" name="teardown" is-config="true" duration-ms="73" started-at="2021-11-11T02:59:50Z" finished-at="2021-11-11T02:59:50Z">
          <reporter-output>
          </reporter-output>
        </test-method> <!-- teardown -->
        <test-method status="PASS" signature="ReportTearDown()[pri:0, instance:test.LoginTest@4e718207]" name="ReportTearDown" is-config="true" duration-ms="254" started-at="2021-11-11T02:59:50Z" finished-at="2021-11-11T02:59:51Z">
          <reporter-output>
          </reporter-output>
        </test-method> <!-- ReportTearDown -->
      </class> <!-- test.LoginTest -->
    </test> <!-- Test -->
  </suite> <!-- Suite -->
</testng-results>
