<?xml version="1.0" encoding="UTF-8"?>
<testng-results skipped="0" failed="0" ignored="0" total="3" passed="3">
  <reporter-output>
  </reporter-output>
  <suite name="Suite" duration-ms="13176" started-at="2021-11-12T05:00:34Z" finished-at="2021-11-12T05:00:48Z">
    <groups>
    </groups>
    <test name="Test" duration-ms="13176" started-at="2021-11-12T05:00:34Z" finished-at="2021-11-12T05:00:48Z">
      <class name="test.LoginTest">
        <test-method status="PASS" signature="ReportSetup()[pri:0, instance:test.LoginTest@2de8284b]" name="ReportSetup" is-config="true" duration-ms="497" started-at="2021-11-12T05:00:34Z" finished-at="2021-11-12T05:00:35Z">
          <reporter-output>
          </reporter-output>
        </test-method> <!-- ReportSetup -->
        <test-method status="PASS" signature="setup()[pri:0, instance:test.LoginTest@2de8284b]" name="setup" is-config="true" duration-ms="1457" started-at="2021-11-12T05:00:35Z" finished-at="2021-11-12T05:00:36Z">
          <reporter-output>
          </reporter-output>
        </test-method> <!-- setup -->
        <test-method status="PASS" signature="ExcelTest()[pri:0, instance:test.LoginTest@2de8284b]" name="ExcelTest" duration-ms="2546" started-at="2021-11-12T05:00:36Z" finished-at="2021-11-12T05:00:39Z">
          <reporter-output>
          </reporter-output>
        </test-method> <!-- ExcelTest -->
        <test-method status="PASS" signature="teardown()[pri:0, instance:test.LoginTest@2de8284b]" name="teardown" is-config="true" duration-ms="84" started-at="2021-11-12T05:00:39Z" finished-at="2021-11-12T05:00:39Z">
          <reporter-output>
          </reporter-output>
        </test-method> <!-- teardown -->
        <test-method status="PASS" signature="setup()[pri:0, instance:test.LoginTest@2de8284b]" name="setup" is-config="true" duration-ms="1557" started-at="2021-11-12T05:00:39Z" finished-at="2021-11-12T05:00:40Z">
          <reporter-output>
          </reporter-output>
        </test-method> <!-- setup -->
        <test-method status="PASS" signature="NegativeLogin(java.lang.String, java.lang.String)[pri:0, instance:test.LoginTest@2de8284b]" name="NegativeLogin" duration-ms="2158" started-at="2021-11-12T05:00:40Z" finished-at="2021-11-12T05:00:43Z">
          <params>
            <param index="0">
              <value>
                <![CDATA[Asc@asddf.com]]>
              </value>
            </param>
            <param index="1">
              <value>
                <![CDATA[Abc@1234]]>
              </value>
            </param>
          </params>
          <reporter-output>
          </reporter-output>
        </test-method> <!-- NegativeLogin -->
        <test-method status="PASS" signature="teardown()[pri:0, instance:test.LoginTest@2de8284b]" name="teardown" is-config="true" duration-ms="76" started-at="2021-11-12T05:00:43Z" finished-at="2021-11-12T05:00:43Z">
          <reporter-output>
          </reporter-output>
        </test-method> <!-- teardown -->
        <test-method status="PASS" signature="setup()[pri:0, instance:test.LoginTest@2de8284b]" name="setup" is-config="true" duration-ms="1347" started-at="2021-11-12T05:00:43Z" finished-at="2021-11-12T05:00:44Z">
          <reporter-output>
          </reporter-output>
        </test-method> <!-- setup -->
        <test-method status="PASS" signature="PositiveLogin(java.lang.String, java.lang.String)[pri:0, instance:test.LoginTest@2de8284b]" name="PositiveLogin" duration-ms="3129" started-at="2021-11-12T05:00:44Z" finished-at="2021-11-12T05:00:47Z">
          <params>
            <param index="0">
              <value>
                <![CDATA[Asc@asddf.com]]>
              </value>
            </param>
            <param index="1">
              <value>
                <![CDATA[Abc@1223]]>
              </value>
            </param>
          </params>
          <reporter-output>
          </reporter-output>
        </test-method> <!-- PositiveLogin -->
        <test-method status="PASS" signature="teardown()[pri:0, instance:test.LoginTest@2de8284b]" name="teardown" is-config="true" duration-ms="78" started-at="2021-11-12T05:00:47Z" finished-at="2021-11-12T05:00:47Z">
          <reporter-output>
          </reporter-output>
        </test-method> <!-- teardown -->
        <test-method status="PASS" signature="ReportTearDown()[pri:0, instance:test.LoginTest@2de8284b]" name="ReportTearDown" is-config="true" duration-ms="231" started-at="2021-11-12T05:00:47Z" finished-at="2021-11-12T05:00:48Z">
          <reporter-output>
          </reporter-output>
        </test-method> <!-- ReportTearDown -->
      </class> <!-- test.LoginTest -->
    </test> <!-- Test -->
  </suite> <!-- Suite -->
</testng-results>
